<?xml version="1.0" encoding="UTF-8"?>
<testng-results skipped="0" failed="0" ignored="0" total="1" passed="1">
  <reporter-output>
    <line>
      <![CDATA[hiiii]]>
    </line>
  </reporter-output>
  <suite name="Default suite" duration-ms="77" started-at="2020-01-29T09:37:06 IST" finished-at="2020-01-29T09:37:07 IST">
    <groups>
    </groups>
    <test name="Default test" duration-ms="77" started-at="2020-01-29T09:37:06 IST" finished-at="2020-01-29T09:37:07 IST">
      <class name="Com_ActiTime_Tests.Demo">
        <test-method status="PASS" signature="testa()[pri:0, instance:Com_ActiTime_Tests.Demo@369f73a2]" name="testa" duration-ms="22" started-at="2020-01-29T09:37:06 IST" finished-at="2020-01-29T09:37:07 IST">
          <reporter-output>
            <line>
              <![CDATA[hiiii]]>
            </line>
          </reporter-output>
        </test-method> <!-- testa -->
      </class> <!-- Com_ActiTime_Tests.Demo -->
    </test> <!-- Default test -->
  </suite> <!-- Default suite -->
</testng-results>
